2022-08-01 16:36:30 thread:TestNG method: com.alvin.util.BrowserUtil.OpenBrowser(BrowserUtil.java:40) - [ INFO ]----开始测试--------
2022-08-01 16:36:30 thread:TestNG method: com.alvin.util.BrowserUtil.OpenBrowser(BrowserUtil.java:40) - [ INFO ]----开始测试--------
2022-08-01 16:36:34 thread:TestNG method: com.alvin.util.BrowserUtil.OpenBrowser(BrowserUtil.java:46) - [ INFO ]----打开chrome浏览器
2022-08-01 16:36:37 thread:TestNG method: com.alvin.util.BrowserUtil.OpenBrowser(BrowserUtil.java:53) - [ INFO ]----打开firefox浏览器
2022-08-01 16:36:37 thread:TestNG method: com.alvin.base.BasePage.input_type(BasePage.java:62) - [ INFO ]----给元素[By.name: account] 输入键值[admin] 
2022-08-01 16:36:38 thread:TestNG method: com.alvin.base.BasePage.input_type(BasePage.java:62) - [ INFO ]----给元素[By.name: password] 输入键值[123456abcd] 
2022-08-01 16:36:38 thread:TestNG method: com.alvin.base.BasePage.click(BasePage.java:52) - [ INFO ]----点击了元素[By.id: submit]
2022-08-01 16:36:39 thread:TestNG method: com.alvin.base.BasePage.click(BasePage.java:52) - [ INFO ]----点击了元素[By.xpath: //a[text()='退出']]
2022-08-01 16:36:39 thread:TestNG method: com.alvin.listener.AllureReportListener.run(AllureReportListener.java:26) - [ INFO ]----testResult.getTestClass:[TestClass name=class com.alvin.testcases.LoginTest]
2022-08-01 16:36:39 thread:TestNG method: com.alvin.listener.AllureReportListener.run(AllureReportListener.java:27) - [ INFO ]----testResult.getMethod:LoginTest.login_asuccess()[pri:0, instance:com.alvin.testcases.LoginTest@3ec300f1]
2022-08-01 16:36:39 thread:TestNG method: com.alvin.listener.AllureReportListener.run(AllureReportListener.java:28) - [ INFO ]----testResult.getDescription:正确的account ,password的用例
2022-08-01 16:36:39 thread:TestNG method: com.alvin.util.BrowserUtil.closeBrowser(BrowserUtil.java:121) - [ INFO ]----结束测试，关闭浏览器--------
2022-08-01 16:36:39 thread:TestNG method: com.alvin.util.BrowserUtil.OpenBrowser(BrowserUtil.java:40) - [ INFO ]----开始测试--------
2022-08-01 16:36:40 thread:TestNG method: com.alvin.base.BasePage.input_type(BasePage.java:62) - [ INFO ]----给元素[By.name: account] 输入键值[admin] 
2022-08-01 16:36:40 thread:TestNG method: com.alvin.base.BasePage.input_type(BasePage.java:62) - [ INFO ]----给元素[By.name: password] 输入键值[123456abcd] 
2022-08-01 16:36:40 thread:TestNG method: com.alvin.base.BasePage.click(BasePage.java:52) - [ INFO ]----点击了元素[By.id: submit]
2022-08-01 16:36:41 thread:TestNG method: com.alvin.util.BrowserUtil.OpenBrowser(BrowserUtil.java:46) - [ INFO ]----打开chrome浏览器
2022-08-01 16:36:42 thread:TestNG method: com.alvin.base.BasePage.click(BasePage.java:52) - [ INFO ]----点击了元素[By.xpath: //a[text()='退出']]
2022-08-01 16:36:42 thread:TestNG method: com.alvin.listener.AllureReportListener.run(AllureReportListener.java:26) - [ INFO ]----testResult.getTestClass:[TestClass name=class com.alvin.testcases.LoginTest]
2022-08-01 16:36:42 thread:TestNG method: com.alvin.listener.AllureReportListener.run(AllureReportListener.java:27) - [ INFO ]----testResult.getMethod:LoginTest.login_asuccess()[pri:0, instance:com.alvin.testcases.LoginTest@3ee0fea4]
2022-08-01 16:36:42 thread:TestNG method: com.alvin.listener.AllureReportListener.run(AllureReportListener.java:28) - [ INFO ]----testResult.getDescription:正确的account ,password的用例
2022-08-01 16:36:42 thread:TestNG method: com.alvin.util.BrowserUtil.closeBrowser(BrowserUtil.java:121) - [ INFO ]----结束测试，关闭浏览器--------
2022-08-01 16:36:44 thread:TestNG method: com.alvin.base.BasePage.input_type(BasePage.java:62) - [ INFO ]----给元素[By.name: account] 输入键值[alvin] 
2022-08-01 16:36:44 thread:TestNG method: com.alvin.base.BasePage.input_type(BasePage.java:62) - [ INFO ]----给元素[By.name: password] 输入键值[123456abc] 
2022-08-01 16:36:44 thread:TestNG method: com.alvin.base.BasePage.click(BasePage.java:52) - [ INFO ]----点击了元素[By.id: submit]
2022-08-01 16:36:44 thread:TestNG method: com.alvin.util.BrowserUtil.OpenBrowser(BrowserUtil.java:40) - [ INFO ]----开始测试--------
2022-08-01 16:36:45 thread:TestNG method: com.alvin.base.BasePage._getAlertText(BasePage.java:95) - [ INFO ]----获取Alert文本内容:登录失败，请检查您的用户名或密码是否填写正确。
2022-08-01 16:36:45 thread:TestNG method: com.alvin.base.BasePage._click_AlertDismiss(BasePage.java:104) - [ INFO ]----点击Alert的确定按钮
2022-08-01 16:36:45 thread:TestNG method: com.alvin.listener.AllureReportListener.run(AllureReportListener.java:26) - [ INFO ]----testResult.getTestClass:[TestClass name=class com.alvin.testcases.LoginTest]
2022-08-01 16:36:45 thread:TestNG method: com.alvin.listener.AllureReportListener.run(AllureReportListener.java:27) - [ INFO ]----testResult.getMethod:LoginTest.login_dfailure_getLoginErrorDatas(java.lang.String, java.lang.String, java.lang.String)[pri:0, instance:com.alvin.testcases.LoginTest@3ec300f1]
2022-08-01 16:36:45 thread:TestNG method: com.alvin.listener.AllureReportListener.run(AllureReportListener.java:28) - [ INFO ]----testResult.getDescription:错误账号和密码2
2022-08-01 16:36:45 thread:TestNG method: com.alvin.util.BrowserUtil.closeBrowser(BrowserUtil.java:121) - [ INFO ]----结束测试，关闭浏览器--------
2022-08-01 16:36:45 thread:TestNG method: com.alvin.util.BrowserUtil.OpenBrowser(BrowserUtil.java:40) - [ INFO ]----开始测试--------
2022-08-01 16:36:47 thread:TestNG method: com.alvin.util.BrowserUtil.OpenBrowser(BrowserUtil.java:46) - [ INFO ]----打开chrome浏览器
2022-08-01 16:36:49 thread:TestNG method: com.alvin.util.BrowserUtil.OpenBrowser(BrowserUtil.java:53) - [ INFO ]----打开firefox浏览器
2022-08-01 16:36:49 thread:TestNG method: com.alvin.base.BasePage.input_type(BasePage.java:62) - [ INFO ]----给元素[By.name: account] 输入键值[admin] 
2022-08-01 16:36:50 thread:TestNG method: com.alvin.base.BasePage.input_type(BasePage.java:62) - [ INFO ]----给元素[By.name: password] 输入键值[123456abc] 
2022-08-01 16:36:50 thread:TestNG method: com.alvin.base.BasePage.click(BasePage.java:52) - [ INFO ]----点击了元素[By.id: submit]
2022-08-01 16:36:51 thread:TestNG method: com.alvin.base.BasePage._getAlertText(BasePage.java:95) - [ INFO ]----获取Alert文本内容:登录失败，请检查您的用户名或密码是否填写正确。
2022-08-01 16:36:51 thread:TestNG method: com.alvin.base.BasePage._click_AlertDismiss(BasePage.java:104) - [ INFO ]----点击Alert的确定按钮
2022-08-01 16:36:51 thread:TestNG method: com.alvin.listener.AllureReportListener.run(AllureReportListener.java:26) - [ INFO ]----testResult.getTestClass:[TestClass name=class com.alvin.testcases.LoginTest]
2022-08-01 16:36:51 thread:TestNG method: com.alvin.listener.AllureReportListener.run(AllureReportListener.java:27) - [ INFO ]----testResult.getMethod:LoginTest.login_dfailure_getLoginFailureDatas(java.lang.String, java.lang.String, java.lang.String)[pri:0, instance:com.alvin.testcases.LoginTest@3ec300f1]
2022-08-01 16:36:51 thread:TestNG method: com.alvin.listener.AllureReportListener.run(AllureReportListener.java:28) - [ INFO ]----testResult.getDescription:账号和密码错误1
2022-08-01 16:36:51 thread:TestNG method: com.alvin.util.BrowserUtil.closeBrowser(BrowserUtil.java:121) - [ INFO ]----结束测试，关闭浏览器--------
2022-08-01 16:36:51 thread:TestNG method: com.alvin.util.BrowserUtil.OpenBrowser(BrowserUtil.java:40) - [ INFO ]----开始测试--------
2022-08-01 16:36:51 thread:TestNG method: com.alvin.base.BasePage.input_type(BasePage.java:62) - [ INFO ]----给元素[By.name: account] 输入键值[alvin] 
2022-08-01 16:36:51 thread:TestNG method: com.alvin.base.BasePage.input_type(BasePage.java:62) - [ INFO ]----给元素[By.name: password] 输入键值[123456abc] 
2022-08-01 16:36:52 thread:TestNG method: com.alvin.base.BasePage.click(BasePage.java:52) - [ INFO ]----点击了元素[By.id: submit]
2022-08-01 16:36:52 thread:TestNG method: com.alvin.util.BrowserUtil.OpenBrowser(BrowserUtil.java:46) - [ INFO ]----打开chrome浏览器
2022-08-01 16:36:53 thread:TestNG method: com.alvin.base.BasePage._getAlertText(BasePage.java:95) - [ INFO ]----获取Alert文本内容:登录失败，请检查您的用户名或密码是否填写正确。
2022-08-01 16:36:53 thread:TestNG method: com.alvin.base.BasePage._click_AlertDismiss(BasePage.java:104) - [ INFO ]----点击Alert的确定按钮
2022-08-01 16:36:53 thread:TestNG method: com.alvin.listener.AllureReportListener.run(AllureReportListener.java:26) - [ INFO ]----testResult.getTestClass:[TestClass name=class com.alvin.testcases.LoginTest]
2022-08-01 16:36:53 thread:TestNG method: com.alvin.listener.AllureReportListener.run(AllureReportListener.java:27) - [ INFO ]----testResult.getMethod:LoginTest.login_dfailure_getLoginErrorDatas(java.lang.String, java.lang.String, java.lang.String)[pri:0, instance:com.alvin.testcases.LoginTest@3ee0fea4]
2022-08-01 16:36:53 thread:TestNG method: com.alvin.listener.AllureReportListener.run(AllureReportListener.java:28) - [ INFO ]----testResult.getDescription:错误账号和密码2
2022-08-01 16:36:53 thread:TestNG method: com.alvin.util.BrowserUtil.closeBrowser(BrowserUtil.java:121) - [ INFO ]----结束测试，关闭浏览器--------
2022-08-01 16:36:53 thread:TestNG method: com.alvin.util.BrowserUtil.OpenBrowser(BrowserUtil.java:40) - [ INFO ]----开始测试--------
2022-08-01 16:36:55 thread:TestNG method: com.alvin.base.BasePage.input_type(BasePage.java:62) - [ INFO ]----给元素[By.name: account] 输入键值[] 
2022-08-01 16:36:55 thread:TestNG method: com.alvin.base.BasePage.input_type(BasePage.java:62) - [ INFO ]----给元素[By.name: password] 输入键值[123456abcd] 
2022-08-01 16:36:56 thread:TestNG method: com.alvin.base.BasePage.click(BasePage.java:52) - [ INFO ]----点击了元素[By.id: submit]
2022-08-01 16:36:57 thread:TestNG method: com.alvin.base.BasePage._getAlertText(BasePage.java:95) - [ INFO ]----获取Alert文本内容:登录失败，请检查您的用户名或密码是否填写正确。
2022-08-01 16:36:57 thread:TestNG method: com.alvin.base.BasePage._click_AlertDismiss(BasePage.java:104) - [ INFO ]----点击Alert的确定按钮
2022-08-01 16:36:57 thread:TestNG method: com.alvin.listener.AllureReportListener.run(AllureReportListener.java:26) - [ INFO ]----testResult.getTestClass:[TestClass name=class com.alvin.testcases.LoginTest]
2022-08-01 16:36:57 thread:TestNG method: com.alvin.listener.AllureReportListener.run(AllureReportListener.java:27) - [ INFO ]----testResult.getMethod:LoginTest.login_dfailure_getLoginFailureDatas(java.lang.String, java.lang.String, java.lang.String)[pri:0, instance:com.alvin.testcases.LoginTest@3ec300f1]
2022-08-01 16:36:57 thread:TestNG method: com.alvin.listener.AllureReportListener.run(AllureReportListener.java:28) - [ INFO ]----testResult.getDescription:账号和密码错误1
2022-08-01 16:36:57 thread:TestNG method: com.alvin.util.BrowserUtil.closeBrowser(BrowserUtil.java:121) - [ INFO ]----结束测试，关闭浏览器--------
2022-08-01 16:36:57 thread:TestNG method: com.alvin.util.BrowserUtil.OpenBrowser(BrowserUtil.java:53) - [ INFO ]----打开firefox浏览器
2022-08-01 16:37:00 thread:TestNG method: com.alvin.base.BasePage.input_type(BasePage.java:62) - [ INFO ]----给元素[By.name: account] 输入键值[admin] 
2022-08-01 16:37:00 thread:TestNG method: com.alvin.base.BasePage.input_type(BasePage.java:62) - [ INFO ]----给元素[By.name: password] 输入键值[123456abc] 
2022-08-01 16:37:01 thread:TestNG method: com.alvin.base.BasePage.click(BasePage.java:52) - [ INFO ]----点击了元素[By.id: submit]
2022-08-01 16:37:02 thread:TestNG method: com.alvin.base.BasePage._getAlertText(BasePage.java:95) - [ INFO ]----获取Alert文本内容:登录失败，请检查您的用户名或密码是否填写正确。
2022-08-01 16:37:02 thread:TestNG method: com.alvin.base.BasePage._click_AlertDismiss(BasePage.java:104) - [ INFO ]----点击Alert的确定按钮
2022-08-01 16:37:02 thread:TestNG method: com.alvin.listener.AllureReportListener.run(AllureReportListener.java:26) - [ INFO ]----testResult.getTestClass:[TestClass name=class com.alvin.testcases.LoginTest]
2022-08-01 16:37:02 thread:TestNG method: com.alvin.listener.AllureReportListener.run(AllureReportListener.java:27) - [ INFO ]----testResult.getMethod:LoginTest.login_dfailure_getLoginFailureDatas(java.lang.String, java.lang.String, java.lang.String)[pri:0, instance:com.alvin.testcases.LoginTest@3ee0fea4]
2022-08-01 16:37:02 thread:TestNG method: com.alvin.listener.AllureReportListener.run(AllureReportListener.java:28) - [ INFO ]----testResult.getDescription:账号和密码错误1
2022-08-01 16:37:02 thread:TestNG method: com.alvin.util.BrowserUtil.closeBrowser(BrowserUtil.java:121) - [ INFO ]----结束测试，关闭浏览器--------
2022-08-01 16:37:04 thread:TestNG method: com.alvin.util.BrowserUtil.OpenBrowser(BrowserUtil.java:40) - [ INFO ]----开始测试--------
2022-08-01 16:37:08 thread:TestNG method: com.alvin.util.BrowserUtil.OpenBrowser(BrowserUtil.java:53) - [ INFO ]----打开firefox浏览器
2022-08-01 16:37:11 thread:TestNG method: com.alvin.base.BasePage.input_type(BasePage.java:62) - [ INFO ]----给元素[By.name: account] 输入键值[] 
2022-08-01 16:37:11 thread:TestNG method: com.alvin.base.BasePage.input_type(BasePage.java:62) - [ INFO ]----给元素[By.name: password] 输入键值[123456abcd] 
2022-08-01 16:37:11 thread:TestNG method: com.alvin.base.BasePage.click(BasePage.java:52) - [ INFO ]----点击了元素[By.id: submit]
2022-08-01 16:37:12 thread:TestNG method: com.alvin.base.BasePage._getAlertText(BasePage.java:95) - [ INFO ]----获取Alert文本内容:登录失败，请检查您的用户名或密码是否填写正确。
2022-08-01 16:37:12 thread:TestNG method: com.alvin.base.BasePage._click_AlertDismiss(BasePage.java:104) - [ INFO ]----点击Alert的确定按钮
2022-08-01 16:37:12 thread:TestNG method: com.alvin.listener.AllureReportListener.run(AllureReportListener.java:26) - [ INFO ]----testResult.getTestClass:[TestClass name=class com.alvin.testcases.LoginTest]
2022-08-01 16:37:12 thread:TestNG method: com.alvin.listener.AllureReportListener.run(AllureReportListener.java:27) - [ INFO ]----testResult.getMethod:LoginTest.login_dfailure_getLoginFailureDatas(java.lang.String, java.lang.String, java.lang.String)[pri:0, instance:com.alvin.testcases.LoginTest@3ee0fea4]
2022-08-01 16:37:12 thread:TestNG method: com.alvin.listener.AllureReportListener.run(AllureReportListener.java:28) - [ INFO ]----testResult.getDescription:账号和密码错误1
2022-08-01 16:37:12 thread:TestNG method: com.alvin.util.BrowserUtil.closeBrowser(BrowserUtil.java:121) - [ INFO ]----结束测试，关闭浏览器--------
2022-08-01 16:40:56 thread:TestNG method: com.alvin.util.BrowserUtil.OpenBrowser(BrowserUtil.java:40) - [ INFO ]----开始测试--------
2022-08-01 16:40:56 thread:TestNG method: com.alvin.util.BrowserUtil.OpenBrowser(BrowserUtil.java:40) - [ INFO ]----开始测试--------
2022-08-01 16:40:56 thread:TestNG method: com.alvin.util.BrowserUtil.OpenBrowser(BrowserUtil.java:41) - [ INFO ]----testaaa-1线程id:20
2022-08-01 16:40:56 thread:TestNG method: com.alvin.util.BrowserUtil.OpenBrowser(BrowserUtil.java:41) - [ INFO ]----testaaa-1线程id:21
2022-08-01 16:41:00 thread:TestNG method: com.alvin.util.BrowserUtil.OpenBrowser(BrowserUtil.java:47) - [ INFO ]----打开chrome浏览器
2022-08-01 16:41:03 thread:TestNG method: com.alvin.util.BrowserUtil.OpenBrowser(BrowserUtil.java:54) - [ INFO ]----打开firefox浏览器
2022-08-01 16:41:03 thread:TestNG method: com.alvin.base.BasePage.input_type(BasePage.java:62) - [ INFO ]----给元素[By.name: account] 输入键值[admin] 
2022-08-01 16:41:03 thread:TestNG method: com.alvin.base.BasePage.input_type(BasePage.java:62) - [ INFO ]----给元素[By.name: password] 输入键值[123456abcd] 
2022-08-01 16:41:03 thread:TestNG method: com.alvin.base.BasePage.click(BasePage.java:52) - [ INFO ]----点击了元素[By.id: submit]
2022-08-01 16:41:05 thread:TestNG method: com.alvin.base.BasePage.click(BasePage.java:52) - [ INFO ]----点击了元素[By.xpath: //a[text()='退出']]
2022-08-01 16:41:05 thread:TestNG method: com.alvin.listener.AllureReportListener.run(AllureReportListener.java:26) - [ INFO ]----testResult.getTestClass:[TestClass name=class com.alvin.testcases.LoginTest]
2022-08-01 16:41:05 thread:TestNG method: com.alvin.listener.AllureReportListener.run(AllureReportListener.java:27) - [ INFO ]----testResult.getMethod:LoginTest.login_asuccess()[pri:0, instance:com.alvin.testcases.LoginTest@3ec300f1]
2022-08-01 16:41:05 thread:TestNG method: com.alvin.listener.AllureReportListener.run(AllureReportListener.java:28) - [ INFO ]----testResult.getDescription:正确的account ,password的用例
2022-08-01 16:41:05 thread:TestNG method: com.alvin.util.BrowserUtil.closeBrowser(BrowserUtil.java:122) - [ INFO ]----结束测试，关闭浏览器--------
2022-08-01 16:41:05 thread:TestNG method: com.alvin.util.BrowserUtil.OpenBrowser(BrowserUtil.java:40) - [ INFO ]----开始测试--------
2022-08-01 16:41:05 thread:TestNG method: com.alvin.util.BrowserUtil.OpenBrowser(BrowserUtil.java:41) - [ INFO ]----testaaa-1线程id:20
2022-08-01 16:41:06 thread:TestNG method: com.alvin.util.BrowserUtil.OpenBrowser(BrowserUtil.java:47) - [ INFO ]----打开chrome浏览器
2022-08-01 16:41:09 thread:TestNG method: com.alvin.base.BasePage.input_type(BasePage.java:62) - [ INFO ]----给元素[By.name: account] 输入键值[alvin] 
2022-08-01 16:41:09 thread:TestNG method: com.alvin.base.BasePage.input_type(BasePage.java:62) - [ INFO ]----给元素[By.name: password] 输入键值[123456abc] 
2022-08-01 16:41:10 thread:TestNG method: com.alvin.base.BasePage.click(BasePage.java:52) - [ INFO ]----点击了元素[By.id: submit]
2022-08-01 16:41:11 thread:TestNG method: com.alvin.base.BasePage._getAlertText(BasePage.java:95) - [ INFO ]----获取Alert文本内容:登录失败，请检查您的用户名或密码是否填写正确。
2022-08-01 16:41:11 thread:TestNG method: com.alvin.base.BasePage._click_AlertDismiss(BasePage.java:104) - [ INFO ]----点击Alert的确定按钮
2022-08-01 16:41:11 thread:TestNG method: com.alvin.listener.AllureReportListener.run(AllureReportListener.java:26) - [ INFO ]----testResult.getTestClass:[TestClass name=class com.alvin.testcases.LoginTest]
2022-08-01 16:41:11 thread:TestNG method: com.alvin.listener.AllureReportListener.run(AllureReportListener.java:27) - [ INFO ]----testResult.getMethod:LoginTest.login_dfailure_getLoginErrorDatas(java.lang.String, java.lang.String, java.lang.String)[pri:0, instance:com.alvin.testcases.LoginTest@3ec300f1]
2022-08-01 16:41:11 thread:TestNG method: com.alvin.listener.AllureReportListener.run(AllureReportListener.java:28) - [ INFO ]----testResult.getDescription:错误账号和密码2
2022-08-01 16:41:11 thread:TestNG method: com.alvin.util.BrowserUtil.closeBrowser(BrowserUtil.java:122) - [ INFO ]----结束测试，关闭浏览器--------
2022-08-01 16:41:11 thread:TestNG method: com.alvin.util.BrowserUtil.OpenBrowser(BrowserUtil.java:40) - [ INFO ]----开始测试--------
2022-08-01 16:41:11 thread:TestNG method: com.alvin.util.BrowserUtil.OpenBrowser(BrowserUtil.java:41) - [ INFO ]----testaaa-1线程id:20
2022-08-01 16:41:12 thread:TestNG method: com.alvin.util.BrowserUtil.OpenBrowser(BrowserUtil.java:47) - [ INFO ]----打开chrome浏览器
2022-08-01 16:41:15 thread:TestNG method: com.alvin.base.BasePage.input_type(BasePage.java:62) - [ INFO ]----给元素[By.name: account] 输入键值[admin] 
2022-08-01 16:41:15 thread:TestNG method: com.alvin.base.BasePage.input_type(BasePage.java:62) - [ INFO ]----给元素[By.name: password] 输入键值[123456abc] 
2022-08-01 16:41:15 thread:TestNG method: com.alvin.base.BasePage.click(BasePage.java:52) - [ INFO ]----点击了元素[By.id: submit]
2022-08-01 16:41:16 thread:TestNG method: com.alvin.base.BasePage._getAlertText(BasePage.java:95) - [ INFO ]----获取Alert文本内容:登录失败，请检查您的用户名或密码是否填写正确。
2022-08-01 16:41:16 thread:TestNG method: com.alvin.base.BasePage._click_AlertDismiss(BasePage.java:104) - [ INFO ]----点击Alert的确定按钮
2022-08-01 16:41:16 thread:TestNG method: com.alvin.listener.AllureReportListener.run(AllureReportListener.java:26) - [ INFO ]----testResult.getTestClass:[TestClass name=class com.alvin.testcases.LoginTest]
2022-08-01 16:41:16 thread:TestNG method: com.alvin.listener.AllureReportListener.run(AllureReportListener.java:27) - [ INFO ]----testResult.getMethod:LoginTest.login_dfailure_getLoginFailureDatas(java.lang.String, java.lang.String, java.lang.String)[pri:0, instance:com.alvin.testcases.LoginTest@3ec300f1]
2022-08-01 16:41:16 thread:TestNG method: com.alvin.listener.AllureReportListener.run(AllureReportListener.java:28) - [ INFO ]----testResult.getDescription:账号和密码错误1
2022-08-01 16:41:16 thread:TestNG method: com.alvin.util.BrowserUtil.closeBrowser(BrowserUtil.java:122) - [ INFO ]----结束测试，关闭浏览器--------
2022-08-01 16:41:16 thread:TestNG method: com.alvin.util.BrowserUtil.OpenBrowser(BrowserUtil.java:40) - [ INFO ]----开始测试--------
2022-08-01 16:41:16 thread:TestNG method: com.alvin.util.BrowserUtil.OpenBrowser(BrowserUtil.java:41) - [ INFO ]----testaaa-1线程id:20
2022-08-01 16:41:17 thread:TestNG method: com.alvin.util.BrowserUtil.OpenBrowser(BrowserUtil.java:47) - [ INFO ]----打开chrome浏览器
2022-08-01 16:41:18 thread:TestNG method: com.alvin.base.BasePage.input_type(BasePage.java:62) - [ INFO ]----给元素[By.name: account] 输入键值[admin] 
2022-08-01 16:41:18 thread:TestNG method: com.alvin.base.BasePage.input_type(BasePage.java:62) - [ INFO ]----给元素[By.name: password] 输入键值[123456abcd] 
2022-08-01 16:41:18 thread:TestNG method: com.alvin.base.BasePage.click(BasePage.java:52) - [ INFO ]----点击了元素[By.id: submit]
2022-08-01 16:41:20 thread:TestNG method: com.alvin.base.BasePage.click(BasePage.java:52) - [ INFO ]----点击了元素[By.xpath: //a[text()='退出']]
2022-08-01 16:41:20 thread:TestNG method: com.alvin.listener.AllureReportListener.run(AllureReportListener.java:26) - [ INFO ]----testResult.getTestClass:[TestClass name=class com.alvin.testcases.LoginTest]
2022-08-01 16:41:20 thread:TestNG method: com.alvin.listener.AllureReportListener.run(AllureReportListener.java:27) - [ INFO ]----testResult.getMethod:LoginTest.login_asuccess()[pri:0, instance:com.alvin.testcases.LoginTest@3ee0fea4]
2022-08-01 16:41:20 thread:TestNG method: com.alvin.listener.AllureReportListener.run(AllureReportListener.java:28) - [ INFO ]----testResult.getDescription:正确的account ,password的用例
2022-08-01 16:41:20 thread:TestNG method: com.alvin.util.BrowserUtil.closeBrowser(BrowserUtil.java:122) - [ INFO ]----结束测试，关闭浏览器--------
2022-08-01 16:41:20 thread:TestNG method: com.alvin.base.BasePage.input_type(BasePage.java:62) - [ INFO ]----给元素[By.name: account] 输入键值[] 
2022-08-01 16:41:20 thread:TestNG method: com.alvin.base.BasePage.input_type(BasePage.java:62) - [ INFO ]----给元素[By.name: password] 输入键值[123456abcd] 
2022-08-01 16:41:20 thread:TestNG method: com.alvin.base.BasePage.click(BasePage.java:52) - [ INFO ]----点击了元素[By.id: submit]
2022-08-01 16:41:21 thread:TestNG method: com.alvin.base.BasePage._getAlertText(BasePage.java:95) - [ INFO ]----获取Alert文本内容:登录失败，请检查您的用户名或密码是否填写正确。
2022-08-01 16:41:21 thread:TestNG method: com.alvin.base.BasePage._click_AlertDismiss(BasePage.java:104) - [ INFO ]----点击Alert的确定按钮
2022-08-01 16:41:22 thread:TestNG method: com.alvin.listener.AllureReportListener.run(AllureReportListener.java:26) - [ INFO ]----testResult.getTestClass:[TestClass name=class com.alvin.testcases.LoginTest]
2022-08-01 16:41:22 thread:TestNG method: com.alvin.listener.AllureReportListener.run(AllureReportListener.java:27) - [ INFO ]----testResult.getMethod:LoginTest.login_dfailure_getLoginFailureDatas(java.lang.String, java.lang.String, java.lang.String)[pri:0, instance:com.alvin.testcases.LoginTest@3ec300f1]
2022-08-01 16:41:22 thread:TestNG method: com.alvin.listener.AllureReportListener.run(AllureReportListener.java:28) - [ INFO ]----testResult.getDescription:账号和密码错误1
2022-08-01 16:41:22 thread:TestNG method: com.alvin.util.BrowserUtil.closeBrowser(BrowserUtil.java:122) - [ INFO ]----结束测试，关闭浏览器--------
2022-08-01 16:41:22 thread:TestNG method: com.alvin.util.BrowserUtil.OpenBrowser(BrowserUtil.java:40) - [ INFO ]----开始测试--------
2022-08-01 16:41:22 thread:TestNG method: com.alvin.util.BrowserUtil.OpenBrowser(BrowserUtil.java:41) - [ INFO ]----testaaa-1线程id:21
2022-08-01 16:41:26 thread:TestNG method: com.alvin.util.BrowserUtil.OpenBrowser(BrowserUtil.java:54) - [ INFO ]----打开firefox浏览器
2022-08-01 16:41:29 thread:TestNG method: com.alvin.base.BasePage.input_type(BasePage.java:62) - [ INFO ]----给元素[By.name: account] 输入键值[alvin] 
2022-08-01 16:41:29 thread:TestNG method: com.alvin.base.BasePage.input_type(BasePage.java:62) - [ INFO ]----给元素[By.name: password] 输入键值[123456abc] 
2022-08-01 16:41:29 thread:TestNG method: com.alvin.base.BasePage.click(BasePage.java:52) - [ INFO ]----点击了元素[By.id: submit]
2022-08-01 16:41:30 thread:TestNG method: com.alvin.base.BasePage._getAlertText(BasePage.java:95) - [ INFO ]----获取Alert文本内容:登录失败，请检查您的用户名或密码是否填写正确。
2022-08-01 16:41:30 thread:TestNG method: com.alvin.base.BasePage._click_AlertDismiss(BasePage.java:104) - [ INFO ]----点击Alert的确定按钮
2022-08-01 16:41:30 thread:TestNG method: com.alvin.listener.AllureReportListener.run(AllureReportListener.java:26) - [ INFO ]----testResult.getTestClass:[TestClass name=class com.alvin.testcases.LoginTest]
2022-08-01 16:41:30 thread:TestNG method: com.alvin.listener.AllureReportListener.run(AllureReportListener.java:27) - [ INFO ]----testResult.getMethod:LoginTest.login_dfailure_getLoginErrorDatas(java.lang.String, java.lang.String, java.lang.String)[pri:0, instance:com.alvin.testcases.LoginTest@3ee0fea4]
2022-08-01 16:41:30 thread:TestNG method: com.alvin.listener.AllureReportListener.run(AllureReportListener.java:28) - [ INFO ]----testResult.getDescription:错误账号和密码2
2022-08-01 16:41:30 thread:TestNG method: com.alvin.util.BrowserUtil.closeBrowser(BrowserUtil.java:122) - [ INFO ]----结束测试，关闭浏览器--------
2022-08-01 16:41:33 thread:TestNG method: com.alvin.util.BrowserUtil.OpenBrowser(BrowserUtil.java:40) - [ INFO ]----开始测试--------
2022-08-01 16:41:33 thread:TestNG method: com.alvin.util.BrowserUtil.OpenBrowser(BrowserUtil.java:41) - [ INFO ]----testaaa-1线程id:21
2022-08-01 16:41:37 thread:TestNG method: com.alvin.util.BrowserUtil.OpenBrowser(BrowserUtil.java:54) - [ INFO ]----打开firefox浏览器
2022-08-01 16:41:39 thread:TestNG method: com.alvin.base.BasePage.input_type(BasePage.java:62) - [ INFO ]----给元素[By.name: account] 输入键值[admin] 
2022-08-01 16:41:39 thread:TestNG method: com.alvin.base.BasePage.input_type(BasePage.java:62) - [ INFO ]----给元素[By.name: password] 输入键值[123456abc] 
2022-08-01 16:41:40 thread:TestNG method: com.alvin.base.BasePage.click(BasePage.java:52) - [ INFO ]----点击了元素[By.id: submit]
2022-08-01 16:41:41 thread:TestNG method: com.alvin.base.BasePage._getAlertText(BasePage.java:95) - [ INFO ]----获取Alert文本内容:登录失败，请检查您的用户名或密码是否填写正确。
2022-08-01 16:41:41 thread:TestNG method: com.alvin.base.BasePage._click_AlertDismiss(BasePage.java:104) - [ INFO ]----点击Alert的确定按钮
2022-08-01 16:41:41 thread:TestNG method: com.alvin.listener.AllureReportListener.run(AllureReportListener.java:26) - [ INFO ]----testResult.getTestClass:[TestClass name=class com.alvin.testcases.LoginTest]
2022-08-01 16:41:41 thread:TestNG method: com.alvin.listener.AllureReportListener.run(AllureReportListener.java:27) - [ INFO ]----testResult.getMethod:LoginTest.login_dfailure_getLoginFailureDatas(java.lang.String, java.lang.String, java.lang.String)[pri:0, instance:com.alvin.testcases.LoginTest@3ee0fea4]
2022-08-01 16:41:41 thread:TestNG method: com.alvin.listener.AllureReportListener.run(AllureReportListener.java:28) - [ INFO ]----testResult.getDescription:账号和密码错误1
2022-08-01 16:41:41 thread:TestNG method: com.alvin.util.BrowserUtil.closeBrowser(BrowserUtil.java:122) - [ INFO ]----结束测试，关闭浏览器--------
2022-08-01 16:41:43 thread:TestNG method: com.alvin.util.BrowserUtil.OpenBrowser(BrowserUtil.java:40) - [ INFO ]----开始测试--------
2022-08-01 16:41:43 thread:TestNG method: com.alvin.util.BrowserUtil.OpenBrowser(BrowserUtil.java:41) - [ INFO ]----testaaa-1线程id:21
2022-08-01 16:41:47 thread:TestNG method: com.alvin.util.BrowserUtil.OpenBrowser(BrowserUtil.java:54) - [ INFO ]----打开firefox浏览器
2022-08-01 16:41:50 thread:TestNG method: com.alvin.base.BasePage.input_type(BasePage.java:62) - [ INFO ]----给元素[By.name: account] 输入键值[] 
2022-08-01 16:41:50 thread:TestNG method: com.alvin.base.BasePage.input_type(BasePage.java:62) - [ INFO ]----给元素[By.name: password] 输入键值[123456abcd] 
2022-08-01 16:41:50 thread:TestNG method: com.alvin.base.BasePage.click(BasePage.java:52) - [ INFO ]----点击了元素[By.id: submit]
2022-08-01 16:41:51 thread:TestNG method: com.alvin.base.BasePage._getAlertText(BasePage.java:95) - [ INFO ]----获取Alert文本内容:登录失败，请检查您的用户名或密码是否填写正确。
2022-08-01 16:41:51 thread:TestNG method: com.alvin.base.BasePage._click_AlertDismiss(BasePage.java:104) - [ INFO ]----点击Alert的确定按钮
2022-08-01 16:41:51 thread:TestNG method: com.alvin.listener.AllureReportListener.run(AllureReportListener.java:26) - [ INFO ]----testResult.getTestClass:[TestClass name=class com.alvin.testcases.LoginTest]
2022-08-01 16:41:51 thread:TestNG method: com.alvin.listener.AllureReportListener.run(AllureReportListener.java:27) - [ INFO ]----testResult.getMethod:LoginTest.login_dfailure_getLoginFailureDatas(java.lang.String, java.lang.String, java.lang.String)[pri:0, instance:com.alvin.testcases.LoginTest@3ee0fea4]
2022-08-01 16:41:51 thread:TestNG method: com.alvin.listener.AllureReportListener.run(AllureReportListener.java:28) - [ INFO ]----testResult.getDescription:账号和密码错误1
2022-08-01 16:41:51 thread:TestNG method: com.alvin.util.BrowserUtil.closeBrowser(BrowserUtil.java:122) - [ INFO ]----结束测试，关闭浏览器--------
